<?xml version="1.0" encoding="UTF-8"?>
<testng-results ignored="0" total="1" passed="1" failed="0" skipped="0">
  <reporter-output>
  </reporter-output>
  <suite started-at="2025-01-02T15:26:47 IST" name="Default suite" finished-at="2025-01-02T15:26:55 IST" duration-ms="8809">
    <groups>
    </groups>
    <test started-at="2025-01-02T15:26:47 IST" name="Default test" finished-at="2025-01-02T15:26:55 IST" duration-ms="8809">
      <class name="com.mystoreapp.testcases.LoginPageTest">
        <test-method is-config="true" signature="loadConfig()[pri:0, instance:com.mystoreapp.testcases.LoginPageTest@7c137fd5]" started-at="2025-01-02T15:26:47 IST" name="loadConfig" finished-at="2025-01-02T15:26:47 IST" duration-ms="10" status="PASS">
          <reporter-output>
          </reporter-output>
        </test-method> <!-- loadConfig -->
        <test-method is-config="true" signature="setUp()[pri:0, instance:com.mystoreapp.testcases.LoginPageTest@7c137fd5]" started-at="2025-01-02T15:26:47 IST" name="setUp" finished-at="2025-01-02T15:26:54 IST" duration-ms="7480" status="PASS">
          <reporter-output>
          </reporter-output>
        </test-method> <!-- setUp -->
        <test-method signature="loginTest()[pri:0, instance:com.mystoreapp.testcases.LoginPageTest@7c137fd5]" started-at="2025-01-02T15:26:54 IST" name="loginTest" finished-at="2025-01-02T15:26:55 IST" duration-ms="1264" status="PASS">
          <reporter-output>
          </reporter-output>
        </test-method> <!-- loginTest -->
        <test-method is-config="true" signature="tearDown()[pri:0, instance:com.mystoreapp.testcases.LoginPageTest@7c137fd5]" started-at="2025-01-02T15:26:55 IST" name="tearDown" finished-at="2025-01-02T15:26:55 IST" duration-ms="1" status="PASS">
          <reporter-output>
          </reporter-output>
        </test-method> <!-- tearDown -->
      </class> <!-- com.mystoreapp.testcases.LoginPageTest -->
    </test> <!-- Default test -->
  </suite> <!-- Default suite -->
</testng-results>
