<?xml version="1.0" encoding="UTF-8"?>
<!-- Generated by org.testng.reporters.JUnitXMLReporter -->
<testsuite ignored="3" hostname="janibasha" failures="0" tests="2" name="GRP-smoke" time="0.076" errors="0" timestamp="2025-02-03T15:11:08 IST">
  <testcase classname="TestNG.T4_PriorityGroups" name="m3" time="0.017"/>
  <testcase classname="TestNG.T4_PriorityGroups" name="m1" time="0.003"/>
  <testcase classname="TestNG.T4_PriorityGroups" name="m5" time="0.0">
    <ignored/>
  </testcase> <!-- m5 -->
  <testcase classname="TestNG.T4_PriorityGroups" name="m2" time="0.0">
    <ignored/>
  </testcase> <!-- m2 -->
  <testcase classname="TestNG.T4_PriorityGroups" name="m4" time="0.0">
    <ignored/>
  </testcase> <!-- m4 -->
</testsuite> <!-- GRP-smoke -->
