<?xml version="1.0" encoding="UTF-8"?>
<testng-results ignored="0" total="4" passed="4" failed="0" skipped="0">
  <reporter-output>
  </reporter-output>
  <suite started-at="2025-01-03T00:52:55 IST" name="Default suite" finished-at="2025-01-03T00:52:55 IST" duration-ms="104">
    <groups>
    </groups>
    <test started-at="2025-01-03T00:52:55 IST" name="Default test" finished-at="2025-01-03T00:52:55 IST" duration-ms="104">
      <class name="com.jani.Selenium.testNgAnnotations">
        <test-method is-config="true" signature="setUpSuite()[pri:0, instance:com.jani.Selenium.testNgAnnotations@534a5a98]" started-at="2025-01-03T00:52:55 IST" name="setUpSuite" finished-at="2025-01-03T00:52:55 IST" duration-ms="9" status="PASS">
          <reporter-output>
          </reporter-output>
        </test-method> <!-- setUpSuite -->
        <test-method is-config="true" signature="setUpTest()[pri:0, instance:com.jani.Selenium.testNgAnnotations@534a5a98]" started-at="2025-01-03T00:52:55 IST" name="setUpTest" finished-at="2025-01-03T00:52:55 IST" duration-ms="2" status="PASS">
          <reporter-output>
          </reporter-output>
        </test-method> <!-- setUpTest -->
        <test-method is-config="true" signature="setUpClass()[pri:0, instance:com.jani.Selenium.testNgAnnotations@534a5a98]" started-at="2025-01-03T00:52:55 IST" name="setUpClass" finished-at="2025-01-03T00:52:55 IST" duration-ms="0" status="PASS">
          <reporter-output>
          </reporter-output>
        </test-method> <!-- setUpClass -->
        <test-method is-config="true" signature="setUpMethod()[pri:0, instance:com.jani.Selenium.testNgAnnotations@534a5a98]" started-at="2025-01-03T00:52:55 IST" name="setUpMethod" finished-at="2025-01-03T00:52:55 IST" duration-ms="0" status="PASS">
          <reporter-output>
          </reporter-output>
        </test-method> <!-- setUpMethod -->
        <test-method signature="login()[pri:0, instance:com.jani.Selenium.testNgAnnotations@534a5a98]" started-at="2025-01-03T00:52:55 IST" name="login" finished-at="2025-01-03T00:52:55 IST" duration-ms="16" status="PASS">
          <reporter-output>
          </reporter-output>
        </test-method> <!-- login -->
        <test-method is-config="true" signature="tearDownMethod()[pri:0, instance:com.jani.Selenium.testNgAnnotations@534a5a98]" started-at="2025-01-03T00:52:55 IST" name="tearDownMethod" finished-at="2025-01-03T00:52:55 IST" duration-ms="1" status="PASS">
          <reporter-output>
          </reporter-output>
        </test-method> <!-- tearDownMethod -->
        <test-method is-config="true" signature="setUpMethod()[pri:0, instance:com.jani.Selenium.testNgAnnotations@534a5a98]" started-at="2025-01-03T00:52:55 IST" name="setUpMethod" finished-at="2025-01-03T00:52:55 IST" duration-ms="1" status="PASS">
          <reporter-output>
          </reporter-output>
        </test-method> <!-- setUpMethod -->
        <test-method signature="logout()[pri:0, instance:com.jani.Selenium.testNgAnnotations@534a5a98]" started-at="2025-01-03T00:52:55 IST" name="logout" finished-at="2025-01-03T00:52:55 IST" duration-ms="4" status="PASS">
          <reporter-output>
          </reporter-output>
        </test-method> <!-- logout -->
        <test-method is-config="true" signature="tearDownMethod()[pri:0, instance:com.jani.Selenium.testNgAnnotations@534a5a98]" started-at="2025-01-03T00:52:55 IST" name="tearDownMethod" finished-at="2025-01-03T00:52:55 IST" duration-ms="0" status="PASS">
          <reporter-output>
          </reporter-output>
        </test-method> <!-- tearDownMethod -->
        <test-method is-config="true" signature="setUpMethod()[pri:0, instance:com.jani.Selenium.testNgAnnotations@534a5a98]" started-at="2025-01-03T00:52:55 IST" name="setUpMethod" finished-at="2025-01-03T00:52:55 IST" duration-ms="9" status="PASS">
          <reporter-output>
          </reporter-output>
        </test-method> <!-- setUpMethod -->
        <test-method signature="m1()[pri:0, instance:com.jani.Selenium.testNgAnnotations@534a5a98]" started-at="2025-01-03T00:52:55 IST" name="m1" finished-at="2025-01-03T00:52:55 IST" duration-ms="5" status="PASS">
          <reporter-output>
          </reporter-output>
        </test-method> <!-- m1 -->
        <test-method is-config="true" signature="tearDownMethod()[pri:0, instance:com.jani.Selenium.testNgAnnotations@534a5a98]" started-at="2025-01-03T00:52:55 IST" name="tearDownMethod" finished-at="2025-01-03T00:52:55 IST" duration-ms="0" status="PASS">
          <reporter-output>
          </reporter-output>
        </test-method> <!-- tearDownMethod -->
        <test-method is-config="true" signature="setUpMethod()[pri:0, instance:com.jani.Selenium.testNgAnnotations@534a5a98]" started-at="2025-01-03T00:52:55 IST" name="setUpMethod" finished-at="2025-01-03T00:52:55 IST" duration-ms="0" status="PASS">
          <reporter-output>
          </reporter-output>
        </test-method> <!-- setUpMethod -->
        <test-method signature="m2()[pri:0, instance:com.jani.Selenium.testNgAnnotations@534a5a98]" started-at="2025-01-03T00:52:55 IST" name="m2" finished-at="2025-01-03T00:52:55 IST" duration-ms="5" status="PASS">
          <reporter-output>
          </reporter-output>
        </test-method> <!-- m2 -->
        <test-method is-config="true" signature="tearDownMethod()[pri:0, instance:com.jani.Selenium.testNgAnnotations@534a5a98]" started-at="2025-01-03T00:52:55 IST" name="tearDownMethod" finished-at="2025-01-03T00:52:55 IST" duration-ms="1" status="PASS">
          <reporter-output>
          </reporter-output>
        </test-method> <!-- tearDownMethod -->
        <test-method is-config="true" signature="tearDownClass()[pri:0, instance:com.jani.Selenium.testNgAnnotations@534a5a98]" started-at="2025-01-03T00:52:55 IST" name="tearDownClass" finished-at="2025-01-03T00:52:55 IST" duration-ms="1" status="PASS">
          <reporter-output>
          </reporter-output>
        </test-method> <!-- tearDownClass -->
        <test-method is-config="true" signature="tearDownTest()[pri:0, instance:com.jani.Selenium.testNgAnnotations@534a5a98]" started-at="2025-01-03T00:52:55 IST" name="tearDownTest" finished-at="2025-01-03T00:52:55 IST" duration-ms="0" status="PASS">
          <reporter-output>
          </reporter-output>
        </test-method> <!-- tearDownTest -->
        <test-method is-config="true" signature="tearDownSuite()[pri:0, instance:com.jani.Selenium.testNgAnnotations@534a5a98]" started-at="2025-01-03T00:52:55 IST" name="tearDownSuite" finished-at="2025-01-03T00:52:56 IST" duration-ms="2" status="PASS">
          <reporter-output>
          </reporter-output>
        </test-method> <!-- tearDownSuite -->
      </class> <!-- com.jani.Selenium.testNgAnnotations -->
    </test> <!-- Default test -->
  </suite> <!-- Default suite -->
</testng-results>
