<?xml version="1.0" encoding="UTF-8"?>
<testng-results ignored="0" total="1" passed="1" failed="0" skipped="0">
  <reporter-output>
  </reporter-output>
  <suite started-at="2025-02-05T04:37:56 IST" name="Suite" finished-at="2025-02-05T04:37:56 IST" duration-ms="71">
    <groups>
    </groups>
    <test started-at="2025-02-05T04:37:56 IST" name="Test" finished-at="2025-02-05T04:37:56 IST" duration-ms="71">
      <class name="TestNG.T10_Parameter">
        <test-method signature="test(java.lang.String)[pri:0, instance:TestNG.T10_Parameter@43dac38f]" started-at="2025-02-05T04:37:56 IST" name="test" finished-at="2025-02-05T04:37:56 IST" duration-ms="19" status="PASS">
          <params>
            <param index="0">
              <value>
                <![CDATA[chrome]]>
              </value>
            </param>
          </params>
          <reporter-output>
          </reporter-output>
        </test-method> <!-- test -->
      </class> <!-- TestNG.T10_Parameter -->
    </test> <!-- Test -->
  </suite> <!-- Suite -->
</testng-results>
