<?xml version="1.0" encoding="UTF-8"?>
<!-- Generated by org.testng.reporters.JUnitXMLReporter -->
<testsuite ignored="0" hostname="janibasha" failures="0" tests="4" name="Default test" time="0.104" errors="0" timestamp="2025-01-03T00:52:55 IST">
  <testcase classname="com.jani.Selenium.testNgAnnotations" name="login" time="0.016"/>
  <testcase classname="com.jani.Selenium.testNgAnnotations" name="logout" time="0.004"/>
  <testcase classname="com.jani.Selenium.testNgAnnotations" name="m1" time="0.005"/>
  <testcase classname="com.jani.Selenium.testNgAnnotations" name="m2" time="0.005"/>
</testsuite> <!-- Default test -->
